<?xml version='1.0' encoding='UTF-8'?>
<result plugin="junit@1.20">
  <suites>
    <suite>
      <file>/Users/taylorecton/Documents/Automated-test-selector/automatedTestSelector/work/jobs/test2/workspace/test-reports/TEST-TestJunit1.xml</file>
      <name>TestJunit1</name>
      <stdout>Inside testPrintMessage()
Robert
</stdout>
      <stderr></stderr>
      <duration>5.031</duration>
      <timestamp>2017-07-05T15:40:36</timestamp>
      <time>5.031</time>
      <cases>
        <case>
          <duration>0.001</duration>
          <className>TestJunit1</className>
          <testName>testPrintMessage</testName>
          <skipped>false</skipped>
          <failedSince>0</failedSince>
        </case>
      </cases>
    </suite>
    <suite>
      <file>/Users/taylorecton/Documents/Automated-test-selector/automatedTestSelector/work/jobs/test2/workspace/test-reports/TEST-TestJunit2.xml</file>
      <name>TestJunit2</name>
      <stdout>Inside testSalutationMessage()
Hi!Robert
</stdout>
      <stderr></stderr>
      <duration>5.005</duration>
      <timestamp>2017-07-05T15:40:41</timestamp>
      <time>5.005</time>
      <cases>
        <case>
          <duration>0.0</duration>
          <className>TestJunit2</className>
          <testName>testSalutationMessage</testName>
          <skipped>false</skipped>
          <failedSince>0</failedSince>
        </case>
      </cases>
    </suite>
    <suite>
      <file>/Users/taylorecton/Documents/Automated-test-selector/automatedTestSelector/work/jobs/test2/workspace/test-reports/TEST-TestMessageUtil.xml</file>
      <name>TestMessageUtil</name>
      <stdout>Inside testSalutationMessage()
Hi!Robert
Inside testPrintMessage()
Robert
</stdout>
      <stderr></stderr>
      <duration>5.009</duration>
      <timestamp>2017-07-05T15:40:46</timestamp>
      <time>5.009</time>
      <cases>
        <case>
          <duration>0.0</duration>
          <className>TestMessageUtil</className>
          <testName>testSalutationMessage</testName>
          <skipped>false</skipped>
          <failedSince>0</failedSince>
        </case>
        <case>
          <duration>0.0</duration>
          <className>TestMessageUtil</className>
          <testName>testPrintMessage</testName>
          <skipped>false</skipped>
          <failedSince>0</failedSince>
        </case>
      </cases>
    </suite>
    <suite>
      <file>/Users/taylorecton/Documents/Automated-test-selector/automatedTestSelector/work/jobs/test2/workspace/test-reports/TESTS-TestSuites.xml</file>
      <name>TestJunit1</name>
      <stdout>Inside testPrintMessage()
Robert
</stdout>
      <stderr></stderr>
      <duration>5.031</duration>
      <timestamp>2017-07-05T15:40:36</timestamp>
      <id>0</id>
      <time>5.031</time>
      <cases>
        <case>
          <duration>0.001</duration>
          <className>TestJunit1</className>
          <testName>testPrintMessage</testName>
          <skipped>false</skipped>
          <failedSince>0</failedSince>
        </case>
      </cases>
    </suite>
    <suite>
      <file>/Users/taylorecton/Documents/Automated-test-selector/automatedTestSelector/work/jobs/test2/workspace/test-reports/TESTS-TestSuites.xml</file>
      <name>TestJunit2</name>
      <stdout>Inside testSalutationMessage()
Hi!Robert
</stdout>
      <stderr></stderr>
      <duration>5.005</duration>
      <timestamp>2017-07-05T15:40:41</timestamp>
      <id>1</id>
      <time>5.005</time>
      <cases>
        <case>
          <duration>0.0</duration>
          <className>TestJunit2</className>
          <testName>testSalutationMessage</testName>
          <skipped>false</skipped>
          <failedSince>0</failedSince>
        </case>
      </cases>
    </suite>
    <suite>
      <file>/Users/taylorecton/Documents/Automated-test-selector/automatedTestSelector/work/jobs/test2/workspace/test-reports/TESTS-TestSuites.xml</file>
      <name>TestMessageUtil</name>
      <stdout>Inside testSalutationMessage()
Hi!Robert
Inside testPrintMessage()
Robert
</stdout>
      <stderr></stderr>
      <duration>5.009</duration>
      <timestamp>2017-07-05T15:40:46</timestamp>
      <id>2</id>
      <time>5.009</time>
      <cases>
        <case>
          <duration>0.0</duration>
          <className>TestMessageUtil</className>
          <testName>testSalutationMessage</testName>
          <skipped>false</skipped>
          <failedSince>0</failedSince>
        </case>
        <case>
          <duration>0.0</duration>
          <className>TestMessageUtil</className>
          <testName>testPrintMessage</testName>
          <skipped>false</skipped>
          <failedSince>0</failedSince>
        </case>
      </cases>
    </suite>
  </suites>
  <duration>30.09</duration>
  <keepLongStdio>false</keepLongStdio>
</result>